Build started 4/30/2014 4:46:01 PM.
     1>Project "C:\Users\David\Documents\GitHub\balloon\Build\vs2012\Box2D.vcxproj" on node 2 (Build target(s)).
     1>ClCompile:
         C:\Program Files (x86)\Microsoft Visual Studio 11.0\VC\bin\CL.exe /c /I..\.. /ZI /nologo /W4 /WX /Od /Oy- /D _CRT_SECURE_NO_WARNINGS /D _MBCS /Gm /EHsc /RTC1 /MDd /GS /Gy /fp:precise /Zc:wchar_t /Zc:forScope /Fo"C:\Users\David\Documents\GitHub\balloon\Temp\Box2D\Debug\\" /Fd"C:\Users\David\Documents\GitHub\balloon\Common\Box2D.pdb" /Gd /TP /analyze- /errorReport:prompt ..\..\Box2D\Collision\b2BroadPhase.cpp ..\..\Box2D\Collision\b2CollideCircle.cpp ..\..\Box2D\Collision\b2CollideEdge.cpp ..\..\Box2D\Collision\b2CollidePolygon.cpp ..\..\Box2D\Collision\b2Collision.cpp ..\..\Box2D\Collision\b2Distance.cpp ..\..\Box2D\Collision\b2DynamicTree.cpp ..\..\Box2D\Collision\b2TimeOfImpact.cpp ..\..\Box2D\Collision\Shapes\b2ChainShape.cpp ..\..\Box2D\Collision\Shapes\b2CircleShape.cpp ..\..\Box2D\Collision\Shapes\b2EdgeShape.cpp ..\..\Box2D\Collision\Shapes\b2PolygonShape.cpp ..\..\Box2D\Common\b2BlockAllocator.cpp ..\..\Box2D\Common\b2Draw.cpp ..\..\Box2D\Common\b2Math.cpp ..\..\Box2D\Common\b2Settings.cpp ..\..\Box2D\Common\b2StackAllocator.cpp ..\..\Box2D\Common\b2Timer.cpp ..\..\Box2D\Dynamics\b2Body.cpp ..\..\Box2D\Dynamics\b2ContactManager.cpp ..\..\Box2D\Dynamics\b2Fixture.cpp ..\..\Box2D\Dynamics\b2Island.cpp ..\..\Box2D\Dynamics\b2World.cpp ..\..\Box2D\Dynamics\b2WorldCallbacks.cpp ..\..\Box2D\Dynamics\Contacts\b2ChainAndCircleContact.cpp ..\..\Box2D\Dynamics\Contacts\b2ChainAndPolygonContact.cpp ..\..\Box2D\Dynamics\Contacts\b2CircleContact.cpp ..\..\Box2D\Dynamics\Contacts\b2Contact.cpp ..\..\Box2D\Dynamics\Contacts\b2ContactSolver.cpp ..\..\Box2D\Dynamics\Contacts\b2EdgeAndCircleContact.cpp ..\..\Box2D\Dynamics\Contacts\b2EdgeAndPolygonContact.cpp ..\..\Box2D\Dynamics\Contacts\b2PolygonAndCircleContact.cpp ..\..\Box2D\Dynamics\Contacts\b2PolygonContact.cpp ..\..\Box2D\Dynamics\Joints\b2DistanceJoint.cpp ..\..\Box2D\Dynamics\Joints\b2FrictionJoint.cpp ..\..\Box2D\Dynamics\Joints\b2GearJoint.cpp ..\..\Box2D\Dynamics\Joints\b2Joint.cpp ..\..\Box2D\Dynamics\Joints\b2MotorJoint.cpp ..\..\Box2D\Dynamics\Joints\b2MouseJoint.cpp ..\..\Box2D\Dynamics\Joints\b2PrismaticJoint.cpp ..\..\Box2D\Dynamics\Joints\b2PulleyJoint.cpp ..\..\Box2D\Dynamics\Joints\b2RevoluteJoint.cpp ..\..\Box2D\Dynamics\Joints\b2RopeJoint.cpp ..\..\Box2D\Dynamics\Joints\b2WeldJoint.cpp ..\..\Box2D\Dynamics\Joints\b2WheelJoint.cpp
         b2WheelJoint.cpp
         b2WeldJoint.cpp
         b2RopeJoint.cpp
         b2RevoluteJoint.cpp
         b2PulleyJoint.cpp
         b2PrismaticJoint.cpp
         b2MouseJoint.cpp
         b2MotorJoint.cpp
         b2Joint.cpp
         b2GearJoint.cpp
         b2FrictionJoint.cpp
         b2DistanceJoint.cpp
         b2PolygonContact.cpp
         b2PolygonAndCircleContact.cpp
         b2EdgeAndPolygonContact.cpp
         b2EdgeAndCircleContact.cpp
         b2ContactSolver.cpp
         b2Contact.cpp
         b2CircleContact.cpp
         b2ChainAndPolygonContact.cpp
         Generating Code...
         Compiling...
         b2ChainAndCircleContact.cpp
         b2WorldCallbacks.cpp
         b2World.cpp
         b2Island.cpp
         b2Fixture.cpp
         b2ContactManager.cpp
         b2Body.cpp
         b2Timer.cpp
         b2StackAllocator.cpp
         b2Settings.cpp
         b2Math.cpp
         b2Draw.cpp
         b2BlockAllocator.cpp
         b2PolygonShape.cpp
         b2EdgeShape.cpp
         b2CircleShape.cpp
         b2ChainShape.cpp
         b2TimeOfImpact.cpp
         b2DynamicTree.cpp
         b2Distance.cpp
         Generating Code...
         Compiling...
         b2Collision.cpp
         b2CollidePolygon.cpp
         b2CollideEdge.cpp
         b2CollideCircle.cpp
         b2BroadPhase.cpp
         Generating Code...
       Lib:
         C:\Program Files (x86)\Microsoft Visual Studio 11.0\VC\bin\Lib.exe /OUT:"C:\Users\David\Documents\GitHub\balloon\Common\Box2D.lib" /NOLOGO /MACHINE:X86 C:\Users\David\Documents\GitHub\balloon\Temp\Box2D\Debug\b2BroadPhase.obj
         C:\Users\David\Documents\GitHub\balloon\Temp\Box2D\Debug\b2CollideCircle.obj
         C:\Users\David\Documents\GitHub\balloon\Temp\Box2D\Debug\b2CollideEdge.obj
         C:\Users\David\Documents\GitHub\balloon\Temp\Box2D\Debug\b2CollidePolygon.obj
         C:\Users\David\Documents\GitHub\balloon\Temp\Box2D\Debug\b2Collision.obj
         C:\Users\David\Documents\GitHub\balloon\Temp\Box2D\Debug\b2Distance.obj
         C:\Users\David\Documents\GitHub\balloon\Temp\Box2D\Debug\b2DynamicTree.obj
         C:\Users\David\Documents\GitHub\balloon\Temp\Box2D\Debug\b2TimeOfImpact.obj
         C:\Users\David\Documents\GitHub\balloon\Temp\Box2D\Debug\b2ChainShape.obj
         C:\Users\David\Documents\GitHub\balloon\Temp\Box2D\Debug\b2CircleShape.obj
         C:\Users\David\Documents\GitHub\balloon\Temp\Box2D\Debug\b2EdgeShape.obj
         C:\Users\David\Documents\GitHub\balloon\Temp\Box2D\Debug\b2PolygonShape.obj
         C:\Users\David\Documents\GitHub\balloon\Temp\Box2D\Debug\b2BlockAllocator.obj
         C:\Users\David\Documents\GitHub\balloon\Temp\Box2D\Debug\b2Draw.obj
         C:\Users\David\Documents\GitHub\balloon\Temp\Box2D\Debug\b2Math.obj
         C:\Users\David\Documents\GitHub\balloon\Temp\Box2D\Debug\b2Settings.obj
         C:\Users\David\Documents\GitHub\balloon\Temp\Box2D\Debug\b2StackAllocator.obj
         C:\Users\David\Documents\GitHub\balloon\Temp\Box2D\Debug\b2Timer.obj
         C:\Users\David\Documents\GitHub\balloon\Temp\Box2D\Debug\b2Body.obj
         C:\Users\David\Documents\GitHub\balloon\Temp\Box2D\Debug\b2ContactManager.obj
         C:\Users\David\Documents\GitHub\balloon\Temp\Box2D\Debug\b2Fixture.obj
         C:\Users\David\Documents\GitHub\balloon\Temp\Box2D\Debug\b2Island.obj
         C:\Users\David\Documents\GitHub\balloon\Temp\Box2D\Debug\b2World.obj
         C:\Users\David\Documents\GitHub\balloon\Temp\Box2D\Debug\b2WorldCallbacks.obj
         C:\Users\David\Documents\GitHub\balloon\Temp\Box2D\Debug\b2ChainAndCircleContact.obj
         C:\Users\David\Documents\GitHub\balloon\Temp\Box2D\Debug\b2ChainAndPolygonContact.obj
         C:\Users\David\Documents\GitHub\balloon\Temp\Box2D\Debug\b2CircleContact.obj
         C:\Users\David\Documents\GitHub\balloon\Temp\Box2D\Debug\b2Contact.obj
         C:\Users\David\Documents\GitHub\balloon\Temp\Box2D\Debug\b2ContactSolver.obj
         C:\Users\David\Documents\GitHub\balloon\Temp\Box2D\Debug\b2EdgeAndCircleContact.obj
         C:\Users\David\Documents\GitHub\balloon\Temp\Box2D\Debug\b2EdgeAndPolygonContact.obj
         C:\Users\David\Documents\GitHub\balloon\Temp\Box2D\Debug\b2PolygonAndCircleContact.obj
         C:\Users\David\Documents\GitHub\balloon\Temp\Box2D\Debug\b2PolygonContact.obj
         C:\Users\David\Documents\GitHub\balloon\Temp\Box2D\Debug\b2DistanceJoint.obj
         C:\Users\David\Documents\GitHub\balloon\Temp\Box2D\Debug\b2FrictionJoint.obj
         C:\Users\David\Documents\GitHub\balloon\Temp\Box2D\Debug\b2GearJoint.obj
         C:\Users\David\Documents\GitHub\balloon\Temp\Box2D\Debug\b2Joint.obj
         C:\Users\David\Documents\GitHub\balloon\Temp\Box2D\Debug\b2MotorJoint.obj
         C:\Users\David\Documents\GitHub\balloon\Temp\Box2D\Debug\b2MouseJoint.obj
         C:\Users\David\Documents\GitHub\balloon\Temp\Box2D\Debug\b2PrismaticJoint.obj
         C:\Users\David\Documents\GitHub\balloon\Temp\Box2D\Debug\b2PulleyJoint.obj
         C:\Users\David\Documents\GitHub\balloon\Temp\Box2D\Debug\b2RevoluteJoint.obj
         C:\Users\David\Documents\GitHub\balloon\Temp\Box2D\Debug\b2RopeJoint.obj
         C:\Users\David\Documents\GitHub\balloon\Temp\Box2D\Debug\b2WeldJoint.obj
         C:\Users\David\Documents\GitHub\balloon\Temp\Box2D\Debug\b2WheelJoint.obj
         Box2D.vcxproj -> C:\Users\David\Documents\GitHub\balloon\Common\Box2D.lib
     1>Done Building Project "C:\Users\David\Documents\GitHub\balloon\Build\vs2012\Box2D.vcxproj" (Build target(s)).

Build succeeded.

Time Elapsed 00:00:28.38
