Build started 4/30/2014 8:56:21 PM.
     1>Project "C:\Users\Mike Wang\Documents\GitHub\balloon\SimpleSideScrollerFramework\SimpleSideScrollerFramework.vcxproj" on node 2 (Build target(s)).
     1>ClCompile:
         C:\All programs\VisualStudioProfessional2012\VC\bin\CL.exe /c /I./ /ZI /nologo /W3 /WX- /Od /Oy- /D WIN32 /D _DEBUG /D _LIB /D _UNICODE /D UNICODE /Gm /EHsc /RTC1 /MDd /GS /fp:precise /Zc:wchar_t /Zc:forScope /Fo"C:\Users\Mike Wang\Documents\GitHub\balloon\Temp\SimpleSideScrollerFramework\Debug\\" /Fd"C:\Users\Mike Wang\Documents\GitHub\balloon\Temp\SimpleSideScrollerFramework\Debug\vc110.pdb" /Gd /TP /analyze- /errorReport:prompt src\sssf\gsm\physics\Physics.cpp
         Physics.cpp
       Lib:
         C:\All programs\VisualStudioProfessional2012\VC\bin\Lib.exe /OUT:"C:\Users\Mike Wang\Documents\GitHub\balloon\Common\SimpleSideScrollerFramework.lib" /NOLOGO "C:\Users\Mike Wang\Documents\GitHub\balloon\Temp\SimpleSideScrollerFramework\Debug\GameDataLoader.obj"
         "C:\Users\Mike Wang\Documents\GitHub\balloon\Temp\SimpleSideScrollerFramework\Debug\Game.obj"
         "C:\Users\Mike Wang\Documents\GitHub\balloon\Temp\SimpleSideScrollerFramework\Debug\WStringTable.obj"
         "C:\Users\Mike Wang\Documents\GitHub\balloon\Temp\SimpleSideScrollerFramework\Debug\GameGraphics.obj"
         "C:\Users\Mike Wang\Documents\GitHub\balloon\Temp\SimpleSideScrollerFramework\Debug\RenderList.obj"
         "C:\Users\Mike Wang\Documents\GitHub\balloon\Temp\SimpleSideScrollerFramework\Debug\TextureManager.obj"
         "C:\Users\Mike Wang\Documents\GitHub\balloon\Temp\SimpleSideScrollerFramework\Debug\BotRecycler.obj"
         "C:\Users\Mike Wang\Documents\GitHub\balloon\Temp\SimpleSideScrollerFramework\Debug\RandomFloatingBot.obj"
         "C:\Users\Mike Wang\Documents\GitHub\balloon\Temp\SimpleSideScrollerFramework\Debug\RandomJumpingBot.obj"
         "C:\Users\Mike Wang\Documents\GitHub\balloon\Temp\SimpleSideScrollerFramework\Debug\AABB.obj"
         "C:\Users\Mike Wang\Documents\GitHub\balloon\Temp\SimpleSideScrollerFramework\Debug\CollidableObject.obj"
         "C:\Users\Mike Wang\Documents\GitHub\balloon\Temp\SimpleSideScrollerFramework\Debug\Physics.obj"
         "C:\Users\Mike Wang\Documents\GitHub\balloon\Temp\SimpleSideScrollerFramework\Debug\AnimatedSprite.obj"
         "C:\Users\Mike Wang\Documents\GitHub\balloon\Temp\SimpleSideScrollerFramework\Debug\AnimatedSpriteType.obj"
         "C:\Users\Mike Wang\Documents\GitHub\balloon\Temp\SimpleSideScrollerFramework\Debug\SpriteManager.obj"
         "C:\Users\Mike Wang\Documents\GitHub\balloon\Temp\SimpleSideScrollerFramework\Debug\GameStateManager.obj"
         "C:\Users\Mike Wang\Documents\GitHub\balloon\Temp\SimpleSideScrollerFramework\Debug\SparseLayer.obj"
         "C:\Users\Mike Wang\Documents\GitHub\balloon\Temp\SimpleSideScrollerFramework\Debug\TiledLayer.obj"
         "C:\Users\Mike Wang\Documents\GitHub\balloon\Temp\SimpleSideScrollerFramework\Debug\World.obj"
         "C:\Users\Mike Wang\Documents\GitHub\balloon\Temp\SimpleSideScrollerFramework\Debug\Button.obj"
         "C:\Users\Mike Wang\Documents\GitHub\balloon\Temp\SimpleSideScrollerFramework\Debug\Cursor.obj"
         "C:\Users\Mike Wang\Documents\GitHub\balloon\Temp\SimpleSideScrollerFramework\Debug\GameGUI.obj"
         "C:\Users\Mike Wang\Documents\GitHub\balloon\Temp\SimpleSideScrollerFramework\Debug\LifeStatus.obj"
         "C:\Users\Mike Wang\Documents\GitHub\balloon\Temp\SimpleSideScrollerFramework\Debug\ScreenGUI.obj"
         "C:\Users\Mike Wang\Documents\GitHub\balloon\Temp\SimpleSideScrollerFramework\Debug\Viewport.obj"
         "C:\Users\Mike Wang\Documents\GitHub\balloon\Temp\SimpleSideScrollerFramework\Debug\GameInput.obj"
         "C:\Users\Mike Wang\Documents\GitHub\balloon\Temp\SimpleSideScrollerFramework\Debug\DirectXGraphics.obj"
         "C:\Users\Mike Wang\Documents\GitHub\balloon\Temp\SimpleSideScrollerFramework\Debug\DirectXTextureManager.obj"
         "C:\Users\Mike Wang\Documents\GitHub\balloon\Temp\SimpleSideScrollerFramework\Debug\WindowsInput.obj"
         "C:\Users\Mike Wang\Documents\GitHub\balloon\Temp\SimpleSideScrollerFramework\Debug\WindowsOS.obj"
         "C:\Users\Mike Wang\Documents\GitHub\balloon\Temp\SimpleSideScrollerFramework\Debug\WindowsTimer.obj"
         "C:\Users\Mike Wang\Documents\GitHub\balloon\Temp\SimpleSideScrollerFramework\Debug\BufferedTextFileReader.obj"
         "C:\Users\Mike Wang\Documents\GitHub\balloon\Temp\SimpleSideScrollerFramework\Debug\GameText.obj"
         "C:\Users\Mike Wang\Documents\GitHub\balloon\Temp\SimpleSideScrollerFramework\Debug\TextFileWriter.obj"
         "C:\Users\Mike Wang\Documents\GitHub\balloon\Temp\SimpleSideScrollerFramework\Debug\stdafx.obj"
         SimpleSideScrollerFramework.vcxproj -> C:\Users\Mike Wang\Documents\GitHub\balloon\Common\SimpleSideScrollerFramework.lib
     1>Done Building Project "C:\Users\Mike Wang\Documents\GitHub\balloon\SimpleSideScrollerFramework\SimpleSideScrollerFramework.vcxproj" (Build target(s)).

Build succeeded.

Time Elapsed 00:00:04.65
