C:\USERS\DAMARES\DESKTOP\BALLOONESCAPE-MASTER\TEMP\TINYXML\DEBUG\TINYSTR.OBJ
C:\USERS\DAMARES\DESKTOP\BALLOONESCAPE-MASTER\TEMP\TINYXML\DEBUG\TINYXML.OBJ
C:\USERS\DAMARES\DESKTOP\BALLOONESCAPE-MASTER\TEMP\TINYXML\DEBUG\TINYXMLERROR.OBJ
C:\USERS\DAMARES\DESKTOP\BALLOONESCAPE-MASTER\TEMP\TINYXML\DEBUG\TINYXMLPARSER.OBJ
C:\USERS\DAMARES\DESKTOP\BALLOONESCAPE-MASTER\TEMP\TINYXML\DEBUG\XMLTEST.OBJ
C:\USERS\DAMARES\DESKTOP\BALLOONESCAPE-MASTER\TEMP\TINYXML\DEBUG\STDAFX.OBJ
C:\USERS\DAMARES\DESKTOP\BALLOONESCAPE-MASTER\TEMP\TINYXML\DEBUG\VC110.PDB
C:\USERS\DAMARES\DESKTOP\BALLOONESCAPE-MASTER\COMMON\TINYXML.LIB
C:\Users\Damares\Desktop\BalloonEscape-master\Temp\tinyxml\Debug\stdafx.obj
C:\Users\Damares\Desktop\BalloonEscape-master\Temp\tinyxml\Debug\tinystr.obj
C:\Users\Damares\Desktop\BalloonEscape-master\Temp\tinyxml\Debug\tinyxml.obj
C:\Users\Damares\Desktop\BalloonEscape-master\Temp\tinyxml\Debug\tinyxmlerror.obj
C:\Users\Damares\Desktop\BalloonEscape-master\Temp\tinyxml\Debug\tinyxmlparser.obj
C:\Users\Damares\Desktop\BalloonEscape-master\Temp\tinyxml\Debug\xmltest.obj
C:\Users\Damares\Desktop\BalloonEscape-master\Temp\tinyxml\Debug\cl.command.1.tlog
C:\Users\Damares\Desktop\BalloonEscape-master\Temp\tinyxml\Debug\CL.read.1.tlog
C:\Users\Damares\Desktop\BalloonEscape-master\Temp\tinyxml\Debug\CL.write.1.tlog
C:\Users\Damares\Desktop\BalloonEscape-master\Temp\tinyxml\Debug\Lib-link.read.1.tlog
C:\Users\Damares\Desktop\BalloonEscape-master\Temp\tinyxml\Debug\Lib-link.write.1.tlog
C:\Users\Damares\Desktop\BalloonEscape-master\Temp\tinyxml\Debug\lib.command.1.tlog
C:\Users\Damares\Desktop\BalloonEscape-master\Temp\tinyxml\Debug\vc110.idb
C:\Users\Damares\Desktop\BalloonEscape-master\Temp\tinyxml\Debug\vc110.pdb
C:\Users\Damares\Desktop\BalloonEscape-master\Common\tinyxml.lib
