C:\USERS\DAMARES\DESKTOP\BALLOONESCAPE-MASTER\TEMP\BALLOONESCAPE\DEBUG\BALLOONESCAPE.OBJ
C:\USERS\DAMARES\DESKTOP\BALLOONESCAPE-MASTER\TEMP\BALLOONESCAPE\DEBUG\BALLOONESCAPEBUTTONEVENTHANDLER.OBJ
C:\USERS\DAMARES\DESKTOP\BALLOONESCAPE-MASTER\TEMP\BALLOONESCAPE\DEBUG\BALLOONESCAPECOLLISIONLISTENER.OBJ
C:\USERS\DAMARES\DESKTOP\BALLOONESCAPE-MASTER\TEMP\BALLOONESCAPE\DEBUG\BALLOONESCAPEDATALOADER.OBJ
C:\USERS\DAMARES\DESKTOP\BALLOONESCAPE-MASTER\TEMP\BALLOONESCAPE\DEBUG\BALLOONESCAPEKEYEVENTHANDLER.OBJ
C:\USERS\DAMARES\DESKTOP\BALLOONESCAPE-MASTER\TEMP\BALLOONESCAPE\DEBUG\BALLOONESCAPETEXTGENERATOR.OBJ
C:\USERS\DAMARES\DESKTOP\BALLOONESCAPE-MASTER\TEMP\BALLOONESCAPE\DEBUG\STDAFX.OBJ
C:\USERS\DAMARES\DESKTOP\BALLOONESCAPE-MASTER\TEMP\BALLOONESCAPE\DEBUG\VC110.PDB
C:\USERS\DAMARES\DESKTOP\BALLOONESCAPE-MASTER\APPS\BALLOONESCAPE\BALLOONESCAPE.ILK
C:\USERS\DAMARES\DESKTOP\BALLOONESCAPE-MASTER\APPS\BALLOONESCAPE\BALLOONESCAPE.EXE
C:\USERS\DAMARES\DESKTOP\BALLOONESCAPE-MASTER\APPS\BALLOONESCAPE\BALLOONESCAPE.PDB
C:\Users\Damares\Desktop\BalloonEscape-master\Temp\BalloonEscape\Debug\BalloonEscape.obj
C:\Users\Damares\Desktop\BalloonEscape-master\Temp\BalloonEscape\Debug\BalloonEscapeButtonEventHandler.obj
C:\Users\Damares\Desktop\BalloonEscape-master\Temp\BalloonEscape\Debug\BalloonEscapeCollisionListener.obj
C:\Users\Damares\Desktop\BalloonEscape-master\Temp\BalloonEscape\Debug\BalloonEscapeKeyEventHandler.obj
C:\Users\Damares\Desktop\BalloonEscape-master\Temp\BalloonEscape\Debug\BalloonEscapeTextGenerator.obj
C:\Users\Damares\Desktop\BalloonEscape-master\Temp\BalloonEscape\Debug\stdafx.obj
C:\Users\Damares\Desktop\BalloonEscape-master\Temp\BalloonEscape\Debug\cl.command.1.tlog
C:\Users\Damares\Desktop\BalloonEscape-master\Temp\BalloonEscape\Debug\CL.read.1.tlog
C:\Users\Damares\Desktop\BalloonEscape-master\Temp\BalloonEscape\Debug\CL.write.1.tlog
C:\Users\Damares\Desktop\BalloonEscape-master\Temp\BalloonEscape\Debug\link-cvtres.read.1.tlog
C:\Users\Damares\Desktop\BalloonEscape-master\Temp\BalloonEscape\Debug\link-cvtres.write.1.tlog
C:\Users\Damares\Desktop\BalloonEscape-master\Temp\BalloonEscape\Debug\link-rc.read.1.tlog
C:\Users\Damares\Desktop\BalloonEscape-master\Temp\BalloonEscape\Debug\link-rc.write.1.tlog
C:\Users\Damares\Desktop\BalloonEscape-master\Temp\BalloonEscape\Debug\link.command.1.tlog
C:\Users\Damares\Desktop\BalloonEscape-master\Temp\BalloonEscape\Debug\link.read.1.tlog
C:\Users\Damares\Desktop\BalloonEscape-master\Temp\BalloonEscape\Debug\link.write.1.tlog
C:\Users\Damares\Desktop\BalloonEscape-master\Temp\BalloonEscape\Debug\vc110.idb
C:\Users\Damares\Desktop\BalloonEscape-master\Temp\BalloonEscape\Debug\vc110.pdb
C:\Users\Damares\Desktop\BalloonEscape-master\Apps\BalloonEscape\BalloonEscape.pdb
C:\Users\Damares\Desktop\BalloonEscape-master\Apps\BalloonEscape\BalloonEscape.exe
C:\Users\Damares\Desktop\BalloonEscape-master\Apps\BalloonEscape\BalloonEscape.ilk
